  sample.cpp
E:\CS550\project2\SampleFreeGlut2019-2\sample.cpp(418,27): warning C4305: 'argument': truncation from 'double' to 'GLfloat'
E:\CS550\project2\SampleFreeGlut2019-2\sample.cpp(826,14): warning C4244: '=': conversion from 'double' to 'float', possible loss of data
E:\CS550\project2\SampleFreeGlut2019-2\sample.cpp(850,43): warning C4305: 'argument': truncation from 'double' to 'GLfloat'
E:\CS550\project2\SampleFreeGlut2019-2\sample.cpp(852,44): warning C4305: 'argument': truncation from 'double' to 'GLfloat'
E:\CS550\project2\SampleFreeGlut2019-2\sample.cpp(854,45): warning C4305: 'argument': truncation from 'double' to 'GLfloat'
E:\CS550\project2\SampleFreeGlut2019-2\sample.cpp(856,44): warning C4305: 'argument': truncation from 'double' to 'GLfloat'
E:\CS550\project2\SampleFreeGlut2019-2\sample.cpp(868,28): warning C4244: 'argument': conversion from 'int' to 'GLfloat', possible loss of data
E:\CS550\project2\SampleFreeGlut2019-2\sample.cpp(868,32): warning C4305: 'argument': truncation from 'double' to 'GLfloat'
E:\CS550\project2\SampleFreeGlut2019-2\sample.cpp(869,26): warning C4244: 'argument': conversion from 'int' to 'GLfloat', possible loss of data
E:\CS550\project2\SampleFreeGlut2019-2\sample.cpp(869,29): warning C4305: 'argument': truncation from 'double' to 'GLfloat'
E:\CS550\project2\SampleFreeGlut2019-2\sample.cpp(879,30): warning C4305: 'argument': truncation from 'double' to 'GLfloat'
E:\CS550\project2\SampleFreeGlut2019-2\sample.cpp(879,17): warning C4244: 'argument': conversion from 'int' to 'GLfloat', possible loss of data
E:\CS550\project2\SampleFreeGlut2019-2\sample.cpp(880,30): warning C4305: 'argument': truncation from 'double' to 'GLfloat'
E:\CS550\project2\SampleFreeGlut2019-2\sample.cpp(880,17): warning C4244: 'argument': conversion from 'int' to 'GLfloat', possible loss of data
E:\CS550\project2\SampleFreeGlut2019-2\sample.cpp(891,27): warning C4244: 'argument': conversion from 'int' to 'GLfloat', possible loss of data
E:\CS550\project2\SampleFreeGlut2019-2\sample.cpp(891,30): warning C4305: 'argument': truncation from 'double' to 'GLfloat'
E:\CS550\project2\SampleFreeGlut2019-2\sample.cpp(892,26): warning C4244: 'argument': conversion from 'int' to 'GLfloat', possible loss of data
E:\CS550\project2\SampleFreeGlut2019-2\sample.cpp(892,29): warning C4305: 'argument': truncation from 'double' to 'GLfloat'
E:\CS550\project2\SampleFreeGlut2019-2\sample.cpp(902,30): warning C4305: 'argument': truncation from 'double' to 'GLfloat'
E:\CS550\project2\SampleFreeGlut2019-2\sample.cpp(902,17): warning C4244: 'argument': conversion from 'int' to 'GLfloat', possible loss of data
E:\CS550\project2\SampleFreeGlut2019-2\sample.cpp(903,30): warning C4305: 'argument': truncation from 'double' to 'GLfloat'
E:\CS550\project2\SampleFreeGlut2019-2\sample.cpp(903,17): warning C4244: 'argument': conversion from 'int' to 'GLfloat', possible loss of data
E:\CS550\project2\SampleFreeGlut2019-2\sample.cpp(913,22): warning C4244: 'argument': conversion from 'double' to 'GLfloat', possible loss of data
E:\CS550\project2\SampleFreeGlut2019-2\sample.cpp(914,21): warning C4244: 'argument': conversion from 'double' to 'GLfloat', possible loss of data
E:\CS550\project2\SampleFreeGlut2019-2\sample.cpp(924,27): warning C4244: 'argument': conversion from 'int' to 'GLfloat', possible loss of data
E:\CS550\project2\SampleFreeGlut2019-2\sample.cpp(924,31): warning C4305: 'argument': truncation from 'double' to 'GLfloat'
E:\CS550\project2\SampleFreeGlut2019-2\sample.cpp(925,27): warning C4244: 'argument': conversion from 'int' to 'GLfloat', possible loss of data
E:\CS550\project2\SampleFreeGlut2019-2\sample.cpp(925,30): warning C4305: 'argument': truncation from 'double' to 'GLfloat'
E:\CS550\project2\SampleFreeGlut2019-2\sample.cpp(935,21): warning C4244: 'argument': conversion from 'double' to 'GLfloat', possible loss of data
E:\CS550\project2\SampleFreeGlut2019-2\sample.cpp(936,21): warning C4244: 'argument': conversion from 'double' to 'GLfloat', possible loss of data
E:\CS550\project2\SampleFreeGlut2019-2\sample.cpp(946,26): warning C4244: 'argument': conversion from 'int' to 'GLfloat', possible loss of data
E:\CS550\project2\SampleFreeGlut2019-2\sample.cpp(946,29): warning C4305: 'argument': truncation from 'double' to 'GLfloat'
E:\CS550\project2\SampleFreeGlut2019-2\sample.cpp(947,26): warning C4244: 'argument': conversion from 'int' to 'GLfloat', possible loss of data
E:\CS550\project2\SampleFreeGlut2019-2\sample.cpp(947,29): warning C4305: 'argument': truncation from 'double' to 'GLfloat'
E:\CS550\project2\SampleFreeGlut2019-2\sample.cpp(957,30): warning C4305: 'argument': truncation from 'double' to 'GLfloat'
E:\CS550\project2\SampleFreeGlut2019-2\sample.cpp(957,17): warning C4244: 'argument': conversion from 'int' to 'GLfloat', possible loss of data
E:\CS550\project2\SampleFreeGlut2019-2\sample.cpp(958,30): warning C4305: 'argument': truncation from 'double' to 'GLfloat'
E:\CS550\project2\SampleFreeGlut2019-2\sample.cpp(958,17): warning C4244: 'argument': conversion from 'int' to 'GLfloat', possible loss of data
E:\CS550\project2\SampleFreeGlut2019-2\sample.cpp(968,22): warning C4244: 'argument': conversion from 'double' to 'GLfloat', possible loss of data
E:\CS550\project2\SampleFreeGlut2019-2\sample.cpp(969,22): warning C4244: 'argument': conversion from 'double' to 'GLfloat', possible loss of data
sample.obj : warning LNK4075: ignoring '/EDITANDCONTINUE' due to '/INCREMENTAL:NO' specification
  Sample.vcxproj -> E:\CS550\project2\SampleFreeGlut2019-2\Debug\Sample.exe
